2023-05-23 09:05:24 INFO  LoginPage :26 - Enter User Name: 
2023-05-23 09:05:286 INFO  LoginPage :31 - Enter Password: 
2023-05-23 09:05:387 INFO  LoginPage :36 - Click on Login Button: 
2023-05-23 09:05:298 INFO  LoginPage :26 - Enter User Name: 
2023-05-23 09:05:521 INFO  LoginPage :31 - Enter Password: 
2023-05-23 09:05:616 INFO  LoginPage :36 - Click on Login Button: 
2023-05-23 09:05:78 INFO  LoginPage :26 - Enter User Name: 
2023-05-23 09:05:327 INFO  LoginPage :31 - Enter Password: 
2023-05-23 09:05:430 INFO  LoginPage :36 - Click on Login Button: 
2023-05-23 09:05:531 INFO  DashBoardpage :43 - Verify text Dashboard: 
2023-05-23 10:05:951 INFO  LoginPage :26 - Enter User Name: 
2023-05-23 10:05:260 INFO  LoginPage :31 - Enter Password: 
2023-05-23 10:05:356 INFO  LoginPage :36 - Click on Login Button: 
2023-05-23 10:05:419 INFO  AddUserPage :87 - Click on User Profile Logo: 
2023-05-23 10:05:842 INFO  AddUserPage :92 - Mouse Hover and click on logout button: 
2023-05-23 10:05:916 INFO  LoginPage :26 - Enter User Name: 
2023-05-23 10:05:267 INFO  LoginPage :31 - Enter Password: 
2023-05-23 10:05:372 INFO  LoginPage :36 - Click on Login Button: 
2023-05-23 10:05:306 INFO  LoginPage :26 - Enter User Name: 
2023-05-23 10:05:530 INFO  LoginPage :31 - Enter Password: 
2023-05-23 10:05:650 INFO  LoginPage :36 - Click on Login Button: 
2023-05-23 10:05:677 INFO  DashBoardpage :28 - Click on admin tab: 
2023-05-23 10:05:424 INFO  DashBoardpage :33 - Verify text system user: 
2023-05-23 10:05:948 INFO  DashBoardpage :38 - Click on Add button: 
2023-05-23 10:05:292 INFO  AddUserPage :36 - Verify Text Add User: 
2023-05-23 10:05:998 INFO  LoginPage :26 - Enter User Name: 
2023-05-23 10:05:228 INFO  LoginPage :31 - Enter Password: 
2023-05-23 10:05:347 INFO  LoginPage :36 - Click on Login Button: 
2023-05-23 10:05:424 INFO  DashBoardpage :28 - Click on admin tab: 
2023-05-23 10:05:155 INFO  DashBoardpage :33 - Verify text system user: 
2023-05-23 10:05:681 INFO  DashBoardpage :38 - Click on Add button: 
2023-05-23 10:05:317 INFO  AddUserPage :36 - Verify Text Add User: 
2023-05-23 10:05:602 INFO  AddUserPage :41 - Click on User Role: 
2023-05-23 10:05:779 INFO  AddUserPage :55 - Input User Name: 
2023-05-23 10:05:182 INFO  LoginPage :26 - Enter User Name: 
2023-05-23 10:05:489 INFO  LoginPage :31 - Enter Password: 
2023-05-23 10:05:616 INFO  LoginPage :36 - Click on Login Button: 
2023-05-23 10:05:679 INFO  DashBoardpage :28 - Click on admin tab: 
2023-05-23 10:05:50 INFO  DashBoardpage :33 - Verify text system user: 
2023-05-23 10:05:641 INFO  DashBoardpage :38 - Click on Add button: 
2023-05-23 10:05:178 INFO  AddUserPage :36 - Verify Text Add User: 
2023-05-23 10:05:459 INFO  AddUserPage :41 - Click on User Role: 
2023-05-23 10:05:666 INFO  AddUserPage :55 - Input User Name: 
2023-05-23 11:05:845 INFO  LoginPage :26 - Enter User Name: 
2023-05-23 11:05:152 INFO  LoginPage :31 - Enter Password: 
2023-05-23 11:05:261 INFO  LoginPage :36 - Click on Login Button: 
2023-05-23 11:05:329 INFO  DashBoardpage :28 - Click on admin tab: 
2023-05-23 11:05:805 INFO  DashBoardpage :33 - Verify text system user: 
2023-05-23 11:05:397 INFO  DashBoardpage :38 - Click on Add button: 
2023-05-23 11:05:838 INFO  AddUserPage :36 - Verify Text Add User: 
2023-05-23 11:05:166 INFO  AddUserPage :41 - Click on User Role: 
2023-05-23 11:05:397 INFO  AddUserPage :55 - Input User Name: 
2023-05-23 11:05:770 INFO  LoginPage :26 - Enter User Name: 
2023-05-23 11:05:90 INFO  LoginPage :31 - Enter Password: 
2023-05-23 11:05:194 INFO  LoginPage :36 - Click on Login Button: 
2023-05-23 11:05:234 INFO  DashBoardpage :28 - Click on admin tab: 
2023-05-23 11:05:707 INFO  DashBoardpage :33 - Verify text system user: 
2023-05-23 11:05:286 INFO  DashBoardpage :38 - Click on Add button: 
2023-05-23 11:05:713 INFO  AddUserPage :36 - Verify Text Add User: 
2023-05-23 11:05:59 INFO  AddUserPage :41 - Click on User Role: 
2023-05-23 11:05:258 INFO  AddUserPage :48 - Input Employee Name: 
2023-05-23 11:05:536 INFO  LoginPage :26 - Enter User Name: 
2023-05-23 11:05:733 INFO  LoginPage :31 - Enter Password: 
2023-05-23 11:05:812 INFO  LoginPage :36 - Click on Login Button: 
2023-05-23 11:05:768 INFO  DashBoardpage :28 - Click on admin tab: 
2023-05-23 11:05:980 INFO  DashBoardpage :33 - Verify text system user: 
2023-05-23 11:05:366 INFO  DashBoardpage :38 - Click on Add button: 
2023-05-23 11:05:657 INFO  AddUserPage :36 - Verify Text Add User: 
2023-05-23 11:05:860 INFO  AddUserPage :41 - Click on User Role: 
2023-05-23 11:05:935 INFO  AddUserPage :48 - Input Employee Name: 
2023-05-23 11:05:132 INFO  AddUserPage :55 - Input User Name: 
2023-05-23 11:05:180 INFO  AddUserPage :60 - Select Status Disable: 
2023-05-23 11:05:239 INFO  AddUserPage :66 - Input Password Field: 
2023-05-23 11:05:282 INFO  AddUserPage :71 - Input Confirm Password field: 
2023-05-23 11:05:333 INFO  AddUserPage :76 - Click on Save Button: 
2023-05-23 11:05:390 INFO  AddUserPage :82 - Verify Success Message: 
2023-05-23 12:05:972 INFO  LoginPage :26 - Enter User Name: 
2023-05-23 12:05:171 INFO  LoginPage :31 - Enter Password: 
2023-05-23 12:05:228 INFO  LoginPage :36 - Click on Login Button: 
2023-05-23 12:05:54 INFO  DashBoardpage :28 - Click on admin tab: 
2023-05-23 12:05:431 INFO  DashBoardpage :33 - Verify text system user: 
2023-05-23 15:05:336 INFO  LoginPage :26 - Enter User Name: 
2023-05-23 15:05:540 INFO  LoginPage :31 - Enter Password: 
2023-05-23 15:05:590 INFO  LoginPage :36 - Click on Login Button: 
2023-05-23 15:05:433 INFO  DashBoardpage :28 - Click on admin tab: 
2023-05-23 15:05:82 INFO  DashBoardpage :33 - Verify text system user: 
2023-05-23 15:05:435 INFO  DashBoardpage :38 - Click on Add button: 
2023-05-23 15:05:843 INFO  AddUserPage :36 - Verify Text Add User: 
2023-05-23 15:05:66 INFO  AddUserPage :41 - Click on User Role: 
2023-05-23 15:05:136 INFO  AddUserPage :48 - Input Employee Name: 
2023-05-23 15:05:324 INFO  AddUserPage :55 - Input User Name: 
2023-05-23 15:05:871 INFO  LoginPage :26 - Enter User Name: 
2023-05-23 15:05:97 INFO  LoginPage :31 - Enter Password: 
2023-05-23 15:05:160 INFO  LoginPage :36 - Click on Login Button: 
2023-05-23 15:05:997 INFO  DashBoardpage :28 - Click on admin tab: 
2023-05-23 15:05:306 INFO  DashBoardpage :33 - Verify text system user: 
2023-05-23 15:05:820 INFO  DashBoardpage :38 - Click on Add button: 
2023-05-23 15:05:125 INFO  AddUserPage :36 - Verify Text Add User: 
2023-05-23 15:05:331 INFO  AddUserPage :41 - Click on User Role: 
2023-05-23 15:05:395 INFO  AddUserPage :48 - Input Employee Name: 
2023-05-23 15:05:617 INFO  AddUserPage :55 - Input User Name: 
2023-05-23 15:05:714 INFO  LoginPage :26 - Enter User Name: 
2023-05-23 15:05:939 INFO  LoginPage :31 - Enter Password: 
2023-05-23 15:05:01 INFO  LoginPage :36 - Click on Login Button: 
2023-05-23 15:05:785 INFO  DashBoardpage :28 - Click on admin tab: 
2023-05-23 15:05:84 INFO  DashBoardpage :33 - Verify text system user: 
2023-05-23 15:05:596 INFO  DashBoardpage :38 - Click on Add button: 
2023-05-23 15:05:957 INFO  AddUserPage :36 - Verify Text Add User: 
2023-05-23 15:05:167 INFO  AddUserPage :41 - Click on User Role: 
2023-05-23 15:05:240 INFO  AddUserPage :48 - Input Employee Name: 
2023-05-23 15:05:443 INFO  AddUserPage :55 - Input User Name: 
2023-05-23 15:05:278 INFO  LoginPage :26 - Enter User Name: 
2023-05-23 15:05:499 INFO  LoginPage :31 - Enter Password: 
2023-05-23 15:05:560 INFO  LoginPage :36 - Click on Login Button: 
2023-05-23 15:05:607 INFO  DashBoardpage :28 - Click on admin tab: 
2023-05-23 15:05:463 INFO  DashBoardpage :33 - Verify text system user: 
2023-05-23 15:05:869 INFO  DashBoardpage :38 - Click on Add button: 
2023-05-23 15:05:247 INFO  AddUserPage :36 - Verify Text Add User: 
2023-05-23 15:05:438 INFO  AddUserPage :41 - Click on User Role: 
2023-05-23 15:05:509 INFO  AddUserPage :48 - Input Employee Name: 
2023-05-23 15:05:714 INFO  AddUserPage :55 - Input User Name: 
2023-05-23 15:05:753 INFO  AdminPage :60 - Select status: 
2023-05-23 15:05:586 INFO  LoginPage :26 - Enter User Name: 
2023-05-23 15:05:837 INFO  LoginPage :31 - Enter Password: 
2023-05-23 15:05:900 INFO  LoginPage :36 - Click on Login Button: 
2023-05-23 15:05:937 INFO  DashBoardpage :28 - Click on admin tab: 
2023-05-23 15:05:876 INFO  DashBoardpage :33 - Verify text system user: 
2023-05-23 15:05:372 INFO  AdminPage :41 - Input user name field: 
2023-05-23 15:05:411 INFO  AddUserPage :41 - Click on User Role: 
2023-05-23 15:05:969 INFO  LoginPage :26 - Enter User Name: 
2023-05-23 15:05:228 INFO  LoginPage :31 - Enter Password: 
2023-05-23 15:05:284 INFO  LoginPage :36 - Click on Login Button: 
2023-05-23 15:05:336 INFO  DashBoardpage :28 - Click on admin tab: 
2023-05-23 15:05:535 INFO  DashBoardpage :33 - Verify text system user: 
2023-05-23 15:05:848 INFO  AdminPage :41 - Input user name field: 
2023-05-23 15:05:904 INFO  AddUserPage :41 - Click on User Role: 
2023-05-23 15:05:966 INFO  LoginPage :26 - Enter User Name: 
2023-05-23 15:05:319 INFO  LoginPage :31 - Enter Password: 
2023-05-23 15:05:371 INFO  LoginPage :36 - Click on Login Button: 
2023-05-23 15:05:415 INFO  DashBoardpage :28 - Click on admin tab: 
2023-05-23 15:05:539 INFO  AdminPage :41 - Input user name field: 
2023-05-23 15:05:136 INFO  AddUserPage :41 - Click on User Role: 
